<?xml version="1.0" encoding="UTF-8"?>
<testsuite xmlns:xsi="http://www.w3.org/2001/XMLSchema-instance" xsi:noNamespaceSchemaLocation="https://maven.apache.org/surefire/maven-surefire-plugin/xsd/surefire-test-report-3.0.xsd" version="3.0" name="ca.edeveloper.jayfinance.utility.jftextparser.usecases.ParseTextForFieldsUseCaseOneByOneStrategyTest" time="0.425" tests="1" errors="0" skipped="0" failures="0">
  <properties>
    <property name="java.specification.version" value="23"/>
    <property name="sun.jnu.encoding" value="UTF-8"/>
    <property name="java.class.path" value="/home/red0ck33g/repos/jftextparser/target/test-classes:/home/red0ck33g/repos/jftextparser/target/classes:/home/red0ck33g/.m2/repository/org/junit/jupiter/junit-jupiter-api/5.8.0/junit-jupiter-api-5.8.0.jar:/home/red0ck33g/.m2/repository/org/opentest4j/opentest4j/1.2.0/opentest4j-1.2.0.jar:/home/red0ck33g/.m2/repository/org/junit/platform/junit-platform-commons/1.8.0/junit-platform-commons-1.8.0.jar:/home/red0ck33g/.m2/repository/org/apiguardian/apiguardian-api/1.1.2/apiguardian-api-1.1.2.jar:/home/red0ck33g/.m2/repository/com/fasterxml/jackson/core/jackson-databind/2.16.1/jackson-databind-2.16.1.jar:/home/red0ck33g/.m2/repository/com/fasterxml/jackson/core/jackson-annotations/2.16.1/jackson-annotations-2.16.1.jar:/home/red0ck33g/.m2/repository/com/fasterxml/jackson/core/jackson-core/2.16.1/jackson-core-2.16.1.jar:/home/red0ck33g/.m2/repository/com/fasterxml/jackson/dataformat/jackson-dataformat-yaml/2.16.1/jackson-dataformat-yaml-2.16.1.jar:/home/red0ck33g/.m2/repository/org/yaml/snakeyaml/2.2/snakeyaml-2.2.jar:"/>
    <property name="java.vm.vendor" value="Arch Linux"/>
    <property name="sun.arch.data.model" value="64"/>
    <property name="java.vendor.url" value="https://openjdk.org/"/>
    <property name="user.timezone" value="America/Toronto"/>
    <property name="os.name" value="Linux"/>
    <property name="java.vm.specification.version" value="23"/>
    <property name="sun.java.launcher" value="SUN_STANDARD"/>
    <property name="user.country" value="US"/>
    <property name="sun.boot.library.path" value="/usr/lib/jvm/java-23-openjdk/lib"/>
    <property name="sun.java.command" value="/home/red0ck33g/repos/jftextparser/target/surefire/surefirebooter-20250126223527378_3.jar /home/red0ck33g/repos/jftextparser/target/surefire 2025-01-26T22-35-27_123-jvmRun1 surefire-20250126223527378_1tmp surefire_0-20250126223527378_2tmp"/>
    <property name="jdk.debug" value="release"/>
    <property name="surefire.test.class.path" value="/home/red0ck33g/repos/jftextparser/target/test-classes:/home/red0ck33g/repos/jftextparser/target/classes:/home/red0ck33g/.m2/repository/org/junit/jupiter/junit-jupiter-api/5.8.0/junit-jupiter-api-5.8.0.jar:/home/red0ck33g/.m2/repository/org/opentest4j/opentest4j/1.2.0/opentest4j-1.2.0.jar:/home/red0ck33g/.m2/repository/org/junit/platform/junit-platform-commons/1.8.0/junit-platform-commons-1.8.0.jar:/home/red0ck33g/.m2/repository/org/apiguardian/apiguardian-api/1.1.2/apiguardian-api-1.1.2.jar:/home/red0ck33g/.m2/repository/com/fasterxml/jackson/core/jackson-databind/2.16.1/jackson-databind-2.16.1.jar:/home/red0ck33g/.m2/repository/com/fasterxml/jackson/core/jackson-annotations/2.16.1/jackson-annotations-2.16.1.jar:/home/red0ck33g/.m2/repository/com/fasterxml/jackson/core/jackson-core/2.16.1/jackson-core-2.16.1.jar:/home/red0ck33g/.m2/repository/com/fasterxml/jackson/dataformat/jackson-dataformat-yaml/2.16.1/jackson-dataformat-yaml-2.16.1.jar:/home/red0ck33g/.m2/repository/org/yaml/snakeyaml/2.2/snakeyaml-2.2.jar:"/>
    <property name="sun.cpu.endian" value="little"/>
    <property name="user.home" value="/home/red0ck33g"/>
    <property name="user.language" value="en"/>
    <property name="java.specification.vendor" value="Oracle Corporation"/>
    <property name="java.version.date" value="2025-01-21"/>
    <property name="java.home" value="/usr/lib/jvm/java-23-openjdk"/>
    <property name="file.separator" value="/"/>
    <property name="basedir" value="/home/red0ck33g/repos/jftextparser"/>
    <property name="java.vm.compressedOopsMode" value="32-bit"/>
    <property name="line.separator" value="&#10;"/>
    <property name="java.specification.name" value="Java Platform API Specification"/>
    <property name="java.vm.specification.vendor" value="Oracle Corporation"/>
    <property name="surefire.real.class.path" value="/home/red0ck33g/repos/jftextparser/target/surefire/surefirebooter-20250126223527378_3.jar"/>
    <property name="sun.management.compiler" value="HotSpot 64-Bit Tiered Compilers"/>
    <property name="java.runtime.version" value="23.0.2"/>
    <property name="user.name" value="red0ck33g"/>
    <property name="stdout.encoding" value="UTF-8"/>
    <property name="path.separator" value=":"/>
    <property name="os.version" value="6.6.68-1-lts"/>
    <property name="java.runtime.name" value="OpenJDK Runtime Environment"/>
    <property name="file.encoding" value="UTF-8"/>
    <property name="java.vm.name" value="OpenJDK 64-Bit Server VM"/>
    <property name="localRepository" value="/home/red0ck33g/.m2/repository"/>
    <property name="java.vendor.url.bug" value="https://bugreport.java.com/bugreport/"/>
    <property name="java.io.tmpdir" value="/tmp"/>
    <property name="idea.version" value="2024.3.1.1"/>
    <property name="java.version" value="23.0.2"/>
    <property name="user.dir" value="/home/red0ck33g/repos/jftextparser"/>
    <property name="os.arch" value="amd64"/>
    <property name="java.vm.specification.name" value="Java Virtual Machine Specification"/>
    <property name="native.encoding" value="UTF-8"/>
    <property name="java.library.path" value="/usr/java/packages/lib:/usr/lib64:/lib64:/lib:/usr/lib"/>
    <property name="java.vm.info" value="mixed mode, sharing"/>
    <property name="stderr.encoding" value="UTF-8"/>
    <property name="java.vendor" value="Arch Linux"/>
    <property name="java.vm.version" value="23.0.2"/>
    <property name="sun.io.unicode.encoding" value="UnicodeLittle"/>
    <property name="java.class.version" value="67.0"/>
  </properties>
  <testcase name="testHappyPathUseCase" classname="ca.edeveloper.jayfinance.utility.jftextparser.usecases.ParseTextForFieldsUseCaseOneByOneStrategyTest" time="0.402">
    <system-out><![CDATA[result size: 12
key: gross_transaction_amount
value: FieldMatcherItemResult{field=null, isFound=false, hasError=false, errorMessage='null'}
key: trade_number
value: FieldMatcherItemResult{field=null, isFound=false, hasError=false, errorMessage='null'}
key: ticker_symbol
value: FieldMatcherItemResult{field=null, isFound=false, hasError=false, errorMessage='null'}
key: quantity
value: FieldMatcherItemResult{field=null, isFound=false, hasError=false, errorMessage='null'}
key: processed_date
value: FieldMatcherItemResult{field=null, isFound=false, hasError=false, errorMessage='null'}
key: cusip_id
value: FieldMatcherItemResult{field=null, isFound=false, hasError=false, errorMessage='null'}
key: trade_processed_by
value: FieldMatcherItemResult{field=null, isFound=false, hasError=false, errorMessage='null'}
key: security_number
value: FieldMatcherItemResult{field=null, isFound=false, hasError=false, errorMessage='null'}
key: security_description
value: FieldMatcherItemResult{field=null, isFound=false, hasError=false, errorMessage='null'}
key: price
value: FieldMatcherItemResult{field=null, isFound=false, hasError=false, errorMessage='null'}
key: net_transaction_amount
value: FieldMatcherItemResult{field=null, isFound=false, hasError=false, errorMessage='null'}
key: transaction_type
value: FieldMatcherItemResult{field=null, isFound=false, hasError=false, errorMessage='null'}
]]></system-out>
  </testcase>
</testsuite>